2026-07-23 20:54:24.193 +05:30 [INF] Starting Student Management Web API...
2026-07-23 20:54:25.182 +05:30 [WRN] Database migration on startup skipped or failed. Falling back to ensure created.
System.InvalidOperationException: An error was generated for warning 'Microsoft.EntityFrameworkCore.Migrations.PendingModelChangesWarning': The model for context 'ApplicationDbContext' changes each time it is built. This is usually caused by dynamic values used in a 'HasData' call (e.g. `new DateTime()`, `Guid.NewGuid()`). Add a new migration and examine its contents to locate the cause, and replace the dynamic call with a static, hardcoded value. See https://aka.ms/efcore-docs-pending-changes. This exception can be suppressed or logged by passing event ID 'RelationalEventId.PendingModelChangesWarning' to the 'ConfigureWarnings' method in 'DbContext.OnConfiguring' or 'AddDbContext'.
   at Microsoft.EntityFrameworkCore.Diagnostics.EventDefinition`1.Log[TLoggerCategory](IDiagnosticsLogger`1 logger, TParam arg)
   at Microsoft.EntityFrameworkCore.Diagnostics.RelationalLoggerExtensions.NonDeterministicModel(IDiagnosticsLogger`1 diagnostics, Type contextType)
   at Microsoft.EntityFrameworkCore.Migrations.Internal.Migrator.ValidateMigrations(Boolean useTransaction, String targetMigration)
   at Microsoft.EntityFrameworkCore.Migrations.Internal.Migrator.Migrate(String targetMigration)
   at Microsoft.EntityFrameworkCore.RelationalDatabaseFacadeExtensions.Migrate(DatabaseFacade databaseFacade)
   at Program.<Main>$(String[] args) in X:\Zest India IT Pvt. Ltd\Zest_India_Assessment\StudentManagement.API\Program.cs:line 157
2026-07-23 20:54:27.535 +05:30 [ERR] Hosting failed to start
System.IO.IOException: Failed to bind to address http://127.0.0.1:5257: address already in use.
 ---> Microsoft.AspNetCore.Connections.AddressInUseException: Only one usage of each socket address (protocol/network address/port) is normally permitted.
 ---> System.Net.Sockets.SocketException (10048): Only one usage of each socket address (protocol/network address/port) is normally permitted.
   at System.Net.Sockets.Socket.UpdateStatusAfterSocketErrorAndThrowException(SocketError error, Boolean disconnectOnFailure, String callerName)
   at System.Net.Sockets.Socket.DoBind(EndPoint endPointSnapshot, SocketAddress socketAddress)
   at System.Net.Sockets.Socket.Bind(EndPoint localEP)
   at Microsoft.AspNetCore.Server.Kestrel.Transport.Sockets.SocketTransportOptions.CreateDefaultBoundListenSocket(EndPoint endpoint)
   at Microsoft.AspNetCore.Server.Kestrel.Transport.Sockets.SocketConnectionListener.Bind()
   --- End of inner exception stack trace ---
   at Microsoft.AspNetCore.Server.Kestrel.Transport.Sockets.SocketConnectionListener.Bind()
   at Microsoft.AspNetCore.Server.Kestrel.Transport.Sockets.SocketTransportFactory.BindAsync(EndPoint endpoint, CancellationToken cancellationToken)
   at Microsoft.AspNetCore.Server.Kestrel.Core.Internal.Infrastructure.TransportManager.BindAsync(EndPoint endPoint, ConnectionDelegate connectionDelegate, EndpointConfig endpointConfig, CancellationToken cancellationToken)
   at Microsoft.AspNetCore.Server.Kestrel.Core.KestrelServerImpl.<>c__DisplayClass28_0`1.<<StartAsync>g__OnBind|0>d.MoveNext()
--- End of stack trace from previous location ---
   at Microsoft.AspNetCore.Server.Kestrel.Core.Internal.AddressBinder.BindEndpointAsync(ListenOptions endpoint, AddressBindContext context, CancellationToken cancellationToken)
   --- End of inner exception stack trace ---
   at Microsoft.AspNetCore.Server.Kestrel.Core.Internal.AddressBinder.BindEndpointAsync(ListenOptions endpoint, AddressBindContext context, CancellationToken cancellationToken)
   at Microsoft.AspNetCore.Server.Kestrel.Core.LocalhostListenOptions.BindAsync(AddressBindContext context, CancellationToken cancellationToken)
   at Microsoft.AspNetCore.Server.Kestrel.Core.Internal.AddressBinder.AddressesStrategy.BindAsync(AddressBindContext context, CancellationToken cancellationToken)
   at Microsoft.AspNetCore.Server.Kestrel.Core.KestrelServerImpl.BindAsync(CancellationToken cancellationToken)
   at Microsoft.AspNetCore.Server.Kestrel.Core.KestrelServerImpl.StartAsync[TContext](IHttpApplication`1 application, CancellationToken cancellationToken)
   at Microsoft.AspNetCore.Hosting.GenericWebHostService.StartAsync(CancellationToken cancellationToken)
   at Microsoft.Extensions.Hosting.Internal.Host.<StartAsync>b__14_1(IHostedService service, CancellationToken token)
   at Microsoft.Extensions.Hosting.Internal.Host.ForeachService[T](IEnumerable`1 services, CancellationToken token, Boolean concurrent, Boolean abortOnFirstException, List`1 exceptions, Func`3 operation)
2026-07-23 20:54:27.586 +05:30 [FTL] Application terminated unexpectedly.
System.IO.IOException: Failed to bind to address http://127.0.0.1:5257: address already in use.
 ---> Microsoft.AspNetCore.Connections.AddressInUseException: Only one usage of each socket address (protocol/network address/port) is normally permitted.
 ---> System.Net.Sockets.SocketException (10048): Only one usage of each socket address (protocol/network address/port) is normally permitted.
   at System.Net.Sockets.Socket.UpdateStatusAfterSocketErrorAndThrowException(SocketError error, Boolean disconnectOnFailure, String callerName)
   at System.Net.Sockets.Socket.DoBind(EndPoint endPointSnapshot, SocketAddress socketAddress)
   at System.Net.Sockets.Socket.Bind(EndPoint localEP)
   at Microsoft.AspNetCore.Server.Kestrel.Transport.Sockets.SocketTransportOptions.CreateDefaultBoundListenSocket(EndPoint endpoint)
   at Microsoft.AspNetCore.Server.Kestrel.Transport.Sockets.SocketConnectionListener.Bind()
   --- End of inner exception stack trace ---
   at Microsoft.AspNetCore.Server.Kestrel.Transport.Sockets.SocketConnectionListener.Bind()
   at Microsoft.AspNetCore.Server.Kestrel.Transport.Sockets.SocketTransportFactory.BindAsync(EndPoint endpoint, CancellationToken cancellationToken)
   at Microsoft.AspNetCore.Server.Kestrel.Core.Internal.Infrastructure.TransportManager.BindAsync(EndPoint endPoint, ConnectionDelegate connectionDelegate, EndpointConfig endpointConfig, CancellationToken cancellationToken)
   at Microsoft.AspNetCore.Server.Kestrel.Core.KestrelServerImpl.<>c__DisplayClass28_0`1.<<StartAsync>g__OnBind|0>d.MoveNext()
--- End of stack trace from previous location ---
   at Microsoft.AspNetCore.Server.Kestrel.Core.Internal.AddressBinder.BindEndpointAsync(ListenOptions endpoint, AddressBindContext context, CancellationToken cancellationToken)
   --- End of inner exception stack trace ---
   at Microsoft.AspNetCore.Server.Kestrel.Core.Internal.AddressBinder.BindEndpointAsync(ListenOptions endpoint, AddressBindContext context, CancellationToken cancellationToken)
   at Microsoft.AspNetCore.Server.Kestrel.Core.LocalhostListenOptions.BindAsync(AddressBindContext context, CancellationToken cancellationToken)
   at Microsoft.AspNetCore.Server.Kestrel.Core.Internal.AddressBinder.AddressesStrategy.BindAsync(AddressBindContext context, CancellationToken cancellationToken)
   at Microsoft.AspNetCore.Server.Kestrel.Core.KestrelServerImpl.BindAsync(CancellationToken cancellationToken)
   at Microsoft.AspNetCore.Server.Kestrel.Core.KestrelServerImpl.StartAsync[TContext](IHttpApplication`1 application, CancellationToken cancellationToken)
   at Microsoft.AspNetCore.Hosting.GenericWebHostService.StartAsync(CancellationToken cancellationToken)
   at Microsoft.Extensions.Hosting.Internal.Host.<StartAsync>b__14_1(IHostedService service, CancellationToken token)
   at Microsoft.Extensions.Hosting.Internal.Host.ForeachService[T](IEnumerable`1 services, CancellationToken token, Boolean concurrent, Boolean abortOnFirstException, List`1 exceptions, Func`3 operation)
   at Microsoft.Extensions.Hosting.Internal.Host.StartAsync(CancellationToken cancellationToken)
   at Microsoft.Extensions.Hosting.HostingAbstractionsHostExtensions.RunAsync(IHost host, CancellationToken token)
   at Microsoft.Extensions.Hosting.HostingAbstractionsHostExtensions.RunAsync(IHost host, CancellationToken token)
   at Microsoft.Extensions.Hosting.HostingAbstractionsHostExtensions.Run(IHost host)
   at Program.<Main>$(String[] args) in X:\Zest India IT Pvt. Ltd\Zest_India_Assessment\StudentManagement.API\Program.cs:line 205
2026-07-23 20:58:13.816 +05:30 [INF] Starting Student Management Web API...
2026-07-23 20:58:15.429 +05:30 [ERR] Failed executing DbCommand (34ms) [Parameters=[], CommandType='"Text"', CommandTimeout='30']
CREATE TABLE [Students] (
    [Id] int NOT NULL IDENTITY,
    [Name] nvarchar(100) NOT NULL,
    [Email] nvarchar(150) NOT NULL,
    [Age] int NOT NULL,
    [Course] nvarchar(100) NOT NULL,
    [CreatedDate] datetime2 NOT NULL DEFAULT (GETUTCDATE()),
    CONSTRAINT [PK_Students] PRIMARY KEY ([Id])
);
2026-07-23 20:58:15.499 +05:30 [WRN] SQL Server migration on startup skipped or failed. Continuing application startup.
Microsoft.Data.SqlClient.SqlException (0x80131904): There is already an object named 'Students' in the database.
   at Microsoft.Data.SqlClient.SqlConnection.OnError(SqlException exception, Boolean breakConnection, Action`1 wrapCloseInAction)
   at Microsoft.Data.SqlClient.SqlInternalConnection.OnError(SqlException exception, Boolean breakConnection, Action`1 wrapCloseInAction)
   at Microsoft.Data.SqlClient.TdsParser.ThrowExceptionAndWarning(TdsParserStateObject stateObj, Boolean callerHasConnectionLock, Boolean asyncClose)
   at Microsoft.Data.SqlClient.TdsParser.TryRun(RunBehavior runBehavior, SqlCommand cmdHandler, SqlDataReader dataStream, BulkCopySimpleResultSet bulkCopyHandler, TdsParserStateObject stateObj, Boolean& dataReady)
   at Microsoft.Data.SqlClient.SqlCommand.RunExecuteNonQueryTds(String methodName, Boolean isAsync, Int32 timeout, Boolean asyncWrite)
   at Microsoft.Data.SqlClient.SqlCommand.InternalExecuteNonQuery(TaskCompletionSource`1 completion, Boolean sendToPipe, Int32 timeout, Boolean& usedCache, Boolean asyncWrite, Boolean inRetry, String methodName)
   at Microsoft.Data.SqlClient.SqlCommand.ExecuteNonQuery()
   at Microsoft.EntityFrameworkCore.Storage.RelationalCommand.ExecuteNonQuery(RelationalCommandParameterObject parameterObject)
   at Microsoft.EntityFrameworkCore.Migrations.MigrationCommand.ExecuteNonQuery(IRelationalConnection connection, IReadOnlyDictionary`2 parameterValues)
   at Microsoft.EntityFrameworkCore.Migrations.Internal.MigrationCommandExecutor.Execute(IReadOnlyList`1 migrationCommands, IRelationalConnection connection, MigrationExecutionState executionState, Boolean beginTransaction, Boolean commitTransaction, Nullable`1 isolationLevel)
   at Microsoft.EntityFrameworkCore.Migrations.Internal.MigrationCommandExecutor.<>c.<ExecuteNonQuery>b__3_1(DbContext _, ValueTuple`6 s)
   at Microsoft.EntityFrameworkCore.Storage.ExecutionStrategy.Execute[TState,TResult](TState state, Func`3 operation, Func`3 verifySucceeded)
   at Microsoft.EntityFrameworkCore.Migrations.Internal.MigrationCommandExecutor.ExecuteNonQuery(IReadOnlyList`1 migrationCommands, IRelationalConnection connection, MigrationExecutionState executionState, Boolean commitTransaction, Nullable`1 isolationLevel)
   at Microsoft.EntityFrameworkCore.Migrations.Internal.Migrator.MigrateImplementation(DbContext context, String targetMigration, MigrationExecutionState state, Boolean useTransaction)
   at Microsoft.EntityFrameworkCore.Migrations.Internal.Migrator.<>c.<Migrate>b__20_1(DbContext c, ValueTuple`4 s)
   at Microsoft.EntityFrameworkCore.Storage.ExecutionStrategy.<>c__DisplayClass28_0`2.<Execute>b__0(DbContext context, TState state)
   at Microsoft.EntityFrameworkCore.Storage.ExecutionStrategy.ExecuteImplementation[TState,TResult](Func`3 operation, Func`3 verifySucceeded, TState state)
   at Microsoft.EntityFrameworkCore.Storage.ExecutionStrategy.Execute[TState,TResult](TState state, Func`3 operation, Func`3 verifySucceeded)
   at Microsoft.EntityFrameworkCore.Migrations.Internal.Migrator.Migrate(String targetMigration)
   at Microsoft.EntityFrameworkCore.RelationalDatabaseFacadeExtensions.Migrate(DatabaseFacade databaseFacade)
   at Program.<Main>$(String[] args) in X:\Zest India IT Pvt. Ltd\Zest_India_Assessment\StudentManagement.API\Program.cs:line 157
ClientConnectionId:49648dd4-3ee4-4c37-b4b4-e65028fca8de
Error Number:2714,State:6,Class:16
2026-07-23 20:58:15.884 +05:30 [INF] Now listening on: http://localhost:5257
2026-07-23 20:58:15.890 +05:30 [INF] Application started. Press Ctrl+C to shut down.
2026-07-23 20:58:15.897 +05:30 [INF] Hosting environment: Development
2026-07-23 20:58:15.911 +05:30 [INF] Content root path: X:\Zest India IT Pvt. Ltd\Zest_India_Assessment\StudentManagement.API
2026-07-23 21:00:16.338 +05:30 [INF] HTTP GET /index.html responded 304 in 74.4007 ms
2026-07-23 21:00:19.080 +05:30 [INF] HTTP GET /api/students responded 200 in 2586.0622 ms
2026-07-23 21:00:20.192 +05:30 [INF] HTTP POST /api/auth/login responded 200 in 1928.0580 ms
2026-07-23 21:00:20.942 +05:30 [INF] HTTP GET /api/students responded 200 in 39.9370 ms
2026-07-23 21:00:21.579 +05:30 [INF] HTTP POST /api/auth/login responded 200 in 34.9797 ms
2026-07-23 21:00:22.384 +05:30 [INF] HTTP GET /api/students responded 200 in 216.2041 ms
2026-07-23 21:00:29.118 +05:30 [INF] HTTP POST /api/auth/login responded 200 in 15.4266 ms
2026-07-23 21:00:29.408 +05:30 [INF] HTTP GET /api/students responded 200 in 21.6531 ms
2026-07-23 21:01:02.811 +05:30 [INF] HTTP POST /api/auth/login responded 200 in 21.5288 ms
2026-07-23 21:01:02.860 +05:30 [INF] HTTP GET /api/students responded 200 in 19.3923 ms
2026-07-23 21:01:07.121 +05:30 [INF] HTTP GET /.well-known/appspecific/com.chrome.devtools.json responded 404 in 13.0808 ms
2026-07-23 21:01:20.176 +05:30 [INF] HTTP POST /api/auth/login responded 200 in 13.5643 ms
2026-07-23 21:01:20.239 +05:30 [INF] HTTP GET /api/students responded 200 in 13.7183 ms
2026-07-23 21:01:42.039 +05:30 [INF] Application is shutting down...
2026-07-23 21:01:59.280 +05:30 [INF] Starting Student Management Web API...
2026-07-23 21:02:00.752 +05:30 [ERR] Failed executing DbCommand (13ms) [Parameters=[], CommandType='"Text"', CommandTimeout='30']
CREATE TABLE [Students] (
    [Id] int NOT NULL IDENTITY,
    [Name] nvarchar(100) NOT NULL,
    [Email] nvarchar(150) NOT NULL,
    [Age] int NOT NULL,
    [Course] nvarchar(100) NOT NULL,
    [CreatedDate] datetime2 NOT NULL DEFAULT (GETUTCDATE()),
    CONSTRAINT [PK_Students] PRIMARY KEY ([Id])
);
2026-07-23 21:02:00.764 +05:30 [WRN] SQL Server migration on startup skipped or failed. Continuing application startup.
Microsoft.Data.SqlClient.SqlException (0x80131904): There is already an object named 'Students' in the database.
   at Microsoft.Data.SqlClient.SqlConnection.OnError(SqlException exception, Boolean breakConnection, Action`1 wrapCloseInAction)
   at Microsoft.Data.SqlClient.SqlInternalConnection.OnError(SqlException exception, Boolean breakConnection, Action`1 wrapCloseInAction)
   at Microsoft.Data.SqlClient.TdsParser.ThrowExceptionAndWarning(TdsParserStateObject stateObj, Boolean callerHasConnectionLock, Boolean asyncClose)
   at Microsoft.Data.SqlClient.TdsParser.TryRun(RunBehavior runBehavior, SqlCommand cmdHandler, SqlDataReader dataStream, BulkCopySimpleResultSet bulkCopyHandler, TdsParserStateObject stateObj, Boolean& dataReady)
   at Microsoft.Data.SqlClient.SqlCommand.RunExecuteNonQueryTds(String methodName, Boolean isAsync, Int32 timeout, Boolean asyncWrite)
   at Microsoft.Data.SqlClient.SqlCommand.InternalExecuteNonQuery(TaskCompletionSource`1 completion, Boolean sendToPipe, Int32 timeout, Boolean& usedCache, Boolean asyncWrite, Boolean inRetry, String methodName)
   at Microsoft.Data.SqlClient.SqlCommand.ExecuteNonQuery()
   at Microsoft.EntityFrameworkCore.Storage.RelationalCommand.ExecuteNonQuery(RelationalCommandParameterObject parameterObject)
   at Microsoft.EntityFrameworkCore.Migrations.MigrationCommand.ExecuteNonQuery(IRelationalConnection connection, IReadOnlyDictionary`2 parameterValues)
   at Microsoft.EntityFrameworkCore.Migrations.Internal.MigrationCommandExecutor.Execute(IReadOnlyList`1 migrationCommands, IRelationalConnection connection, MigrationExecutionState executionState, Boolean beginTransaction, Boolean commitTransaction, Nullable`1 isolationLevel)
   at Microsoft.EntityFrameworkCore.Migrations.Internal.MigrationCommandExecutor.<>c.<ExecuteNonQuery>b__3_1(DbContext _, ValueTuple`6 s)
   at Microsoft.EntityFrameworkCore.Storage.ExecutionStrategy.Execute[TState,TResult](TState state, Func`3 operation, Func`3 verifySucceeded)
   at Microsoft.EntityFrameworkCore.Migrations.Internal.MigrationCommandExecutor.ExecuteNonQuery(IReadOnlyList`1 migrationCommands, IRelationalConnection connection, MigrationExecutionState executionState, Boolean commitTransaction, Nullable`1 isolationLevel)
   at Microsoft.EntityFrameworkCore.Migrations.Internal.Migrator.MigrateImplementation(DbContext context, String targetMigration, MigrationExecutionState state, Boolean useTransaction)
   at Microsoft.EntityFrameworkCore.Migrations.Internal.Migrator.<>c.<Migrate>b__20_1(DbContext c, ValueTuple`4 s)
   at Microsoft.EntityFrameworkCore.Storage.ExecutionStrategy.<>c__DisplayClass28_0`2.<Execute>b__0(DbContext context, TState state)
   at Microsoft.EntityFrameworkCore.Storage.ExecutionStrategy.ExecuteImplementation[TState,TResult](Func`3 operation, Func`3 verifySucceeded, TState state)
   at Microsoft.EntityFrameworkCore.Storage.ExecutionStrategy.Execute[TState,TResult](TState state, Func`3 operation, Func`3 verifySucceeded)
   at Microsoft.EntityFrameworkCore.Migrations.Internal.Migrator.Migrate(String targetMigration)
   at Microsoft.EntityFrameworkCore.RelationalDatabaseFacadeExtensions.Migrate(DatabaseFacade databaseFacade)
   at Program.<Main>$(String[] args) in X:\Zest India IT Pvt. Ltd\Zest_India_Assessment\StudentManagement.API\Program.cs:line 157
ClientConnectionId:14a466be-8aef-464c-859d-350329921f65
Error Number:2714,State:6,Class:16
2026-07-23 21:02:00.942 +05:30 [INF] Now listening on: http://localhost:5257
2026-07-23 21:02:00.945 +05:30 [INF] Application started. Press Ctrl+C to shut down.
2026-07-23 21:02:00.946 +05:30 [INF] Hosting environment: Development
2026-07-23 21:02:00.947 +05:30 [INF] Content root path: X:\Zest India IT Pvt. Ltd\Zest_India_Assessment\StudentManagement.API
2026-07-23 21:02:49.011 +05:30 [INF] HTTP GET /index.html responded 200 in 59.0247 ms
2026-07-23 21:02:49.089 +05:30 [INF] HTTP GET /styles.css responded 304 in 9.1141 ms
2026-07-23 21:02:49.106 +05:30 [INF] HTTP GET /app.js responded 200 in 30.1133 ms
2026-07-23 21:02:49.316 +05:30 [INF] HTTP GET /api/students responded 401 in 203.8917 ms
2026-07-23 21:02:52.786 +05:30 [INF] HTTP GET /index.html responded 304 in 26.4494 ms
2026-07-23 21:02:52.854 +05:30 [INF] HTTP GET /api/students responded 401 in 35.9606 ms
2026-07-23 21:02:58.811 +05:30 [INF] HTTP POST /api/auth/login responded 200 in 1100.8999 ms
2026-07-23 21:02:59.073 +05:30 [INF] HTTP GET /api/students responded 200 in 244.2511 ms
2026-07-23 21:07:59.225 +05:30 [INF] HTTP GET /index.html responded 200 in 20.5495 ms
2026-07-23 21:07:59.247 +05:30 [INF] HTTP GET /app.js responded 304 in 0.4189 ms
2026-07-23 21:09:56.126 +05:30 [INF] HTTP GET /index.html responded 304 in 17.1055 ms
2026-07-23 21:09:56.196 +05:30 [INF] HTTP GET /app.js responded 200 in 40.4101 ms
2026-07-23 21:09:57.829 +05:30 [INF] HTTP GET /index.html responded 304 in 4.7437 ms
2026-07-23 21:12:52.677 +05:30 [INF] HTTP GET /index.html responded 200 in 8.4056 ms
2026-07-23 21:12:52.745 +05:30 [INF] HTTP GET /app.js responded 304 in 0.6235 ms
2026-07-23 21:13:03.313 +05:30 [INF] HTTP POST /api/auth/login responded 200 in 1170.3020 ms
2026-07-23 21:13:03.380 +05:30 [INF] HTTP GET /api/students responded 200 in 50.2454 ms
2026-07-23 21:49:57.794 +05:30 [INF] Application is shutting down...
